mode: set
github.com/mcnabb998/kconnect-console/proxy/testutils/fixtures.go:15.56,20.16 4 1
github.com/mcnabb998/kconnect-console/proxy/testutils/fixtures.go:20.16,22.3 1 0
github.com/mcnabb998/kconnect-console/proxy/testutils/fixtures.go:24.2,24.13 1 1
github.com/mcnabb998/kconnect-console/proxy/testutils/fixtures.go:29.68,33.48 3 1
github.com/mcnabb998/kconnect-console/proxy/testutils/fixtures.go:33.48,35.3 1 0
github.com/mcnabb998/kconnect-console/proxy/testutils/fixtures.go:40.58,44.2 3 1
github.com/mcnabb998/kconnect-console/proxy/testutils/fixtures.go:46.39,50.9 3 1
github.com/mcnabb998/kconnect-console/proxy/testutils/fixtures.go:50.9,52.3 1 0
github.com/mcnabb998/kconnect-console/proxy/testutils/fixtures.go:54.2,54.67 1 1
github.com/mcnabb998/kconnect-console/proxy/testutils/server.go:28.92,32.33 3 1
github.com/mcnabb998/kconnect-console/proxy/testutils/server.go:32.33,36.43 4 1
github.com/mcnabb998/kconnect-console/proxy/testutils/server.go:36.43,38.4 1 1
github.com/mcnabb998/kconnect-console/proxy/testutils/server.go:40.3,40.69 1 1
github.com/mcnabb998/kconnect-console/proxy/testutils/server.go:40.69,41.31 1 1
github.com/mcnabb998/kconnect-console/proxy/testutils/server.go:41.31,42.47 1 1
github.com/mcnabb998/kconnect-console/proxy/testutils/server.go:42.47,45.6 2 0
github.com/mcnabb998/kconnect-console/proxy/testutils/server.go:48.4,48.45 1 1
github.com/mcnabb998/kconnect-console/proxy/testutils/server.go:48.45,50.5 1 1
github.com/mcnabb998/kconnect-console/proxy/testutils/server.go:52.4,53.19 2 1
github.com/mcnabb998/kconnect-console/proxy/testutils/server.go:53.19,55.5 1 1
github.com/mcnabb998/kconnect-console/proxy/testutils/server.go:56.4,57.30 2 1
github.com/mcnabb998/kconnect-console/proxy/testutils/server.go:57.30,59.5 1 1
github.com/mcnabb998/kconnect-console/proxy/testutils/server.go:63.2,63.67 1 1
github.com/mcnabb998/kconnect-console/proxy/testutils/server.go:63.67,65.3 1 0
github.com/mcnabb998/kconnect-console/proxy/testutils/server.go:67.2,67.32 1 1
github.com/mcnabb998/kconnect-console/proxy/testutils/server.go:72.96,75.33 2 1
github.com/mcnabb998/kconnect-console/proxy/testutils/server.go:75.33,76.26 1 1
github.com/mcnabb998/kconnect-console/proxy/testutils/server.go:76.26,78.4 1 1
github.com/mcnabb998/kconnect-console/proxy/testutils/server.go:78.9,78.56 1 0
github.com/mcnabb998/kconnect-console/proxy/testutils/server.go:78.56,80.4 1 0
github.com/mcnabb998/kconnect-console/proxy/testutils/server.go:81.3,81.22 1 1
github.com/mcnabb998/kconnect-console/proxy/testutils/server.go:84.2,84.42 1 1
github.com/mcnabb998/kconnect-console/proxy/testutils/test_server.go:35.69,40.95 2 1
github.com/mcnabb998/kconnect-console/proxy/testutils/test_server.go:40.95,55.10 8 1
github.com/mcnabb998/kconnect-console/proxy/testutils/test_server.go:55.10,58.4 2 0
github.com/mcnabb998/kconnect-console/proxy/testutils/test_server.go:60.3,60.43 1 1
github.com/mcnabb998/kconnect-console/proxy/testutils/test_server.go:60.43,62.4 1 1
github.com/mcnabb998/kconnect-console/proxy/testutils/test_server.go:64.3,65.18 2 1
github.com/mcnabb998/kconnect-console/proxy/testutils/test_server.go:65.18,67.4 1 0
github.com/mcnabb998/kconnect-console/proxy/testutils/test_server.go:69.3,71.35 2 1
github.com/mcnabb998/kconnect-console/proxy/testutils/test_server.go:72.12,73.10 1 0
github.com/mcnabb998/kconnect-console/proxy/testutils/test_server.go:74.15,75.17 1 0
github.com/mcnabb998/kconnect-console/proxy/testutils/test_server.go:76.11,77.58 1 1
github.com/mcnabb998/kconnect-console/proxy/testutils/test_server.go:77.58,79.5 1 0
github.com/mcnabb998/kconnect-console/proxy/testutils/test_server.go:83.2,83.11 1 1
github.com/mcnabb998/kconnect-console/proxy/testutils/test_server.go:87.39,89.2 1 1
github.com/mcnabb998/kconnect-console/proxy/testutils/test_server.go:92.34,94.2 1 1
github.com/mcnabb998/kconnect-console/proxy/testutils/test_server.go:97.47,104.2 5 1
github.com/mcnabb998/kconnect-console/proxy/main.go:83.50,85.2 1 1
github.com/mcnabb998/kconnect-console/proxy/main.go:87.50,89.2 1 1
github.com/mcnabb998/kconnect-console/proxy/main.go:91.39,99.2 1 1
github.com/mcnabb998/kconnect-console/proxy/main.go:101.42,102.32 1 1
github.com/mcnabb998/kconnect-console/proxy/main.go:103.17,104.19 1 1
github.com/mcnabb998/kconnect-console/proxy/main.go:105.16,106.18 1 1
github.com/mcnabb998/kconnect-console/proxy/main.go:107.16,108.18 1 1
github.com/mcnabb998/kconnect-console/proxy/main.go:109.20,110.22 1 1
github.com/mcnabb998/kconnect-console/proxy/main.go:111.10,112.19 1 1
github.com/mcnabb998/kconnect-console/proxy/main.go:116.51,118.29 2 1
github.com/mcnabb998/kconnect-console/proxy/main.go:118.29,119.17 1 1
github.com/mcnabb998/kconnect-console/proxy/main.go:119.17,120.12 1 1
github.com/mcnabb998/kconnect-console/proxy/main.go:122.3,122.49 1 1
github.com/mcnabb998/kconnect-console/proxy/main.go:124.2,124.16 1 1
github.com/mcnabb998/kconnect-console/proxy/main.go:128.61,131.16 3 1
github.com/mcnabb998/kconnect-console/proxy/main.go:131.16,133.3 1 1
github.com/mcnabb998/kconnect-console/proxy/main.go:135.2,136.16 2 1
github.com/mcnabb998/kconnect-console/proxy/main.go:136.16,138.3 1 1
github.com/mcnabb998/kconnect-console/proxy/main.go:139.2,141.38 2 1
github.com/mcnabb998/kconnect-console/proxy/main.go:141.38,143.3 1 1
github.com/mcnabb998/kconnect-console/proxy/main.go:145.2,145.30 1 1
github.com/mcnabb998/kconnect-console/proxy/main.go:149.65,152.16 3 1
github.com/mcnabb998/kconnect-console/proxy/main.go:152.16,156.3 3 1
github.com/mcnabb998/kconnect-console/proxy/main.go:158.2,159.16 2 1
github.com/mcnabb998/kconnect-console/proxy/main.go:159.16,164.3 4 1
github.com/mcnabb998/kconnect-console/proxy/main.go:165.2,167.38 2 1
github.com/mcnabb998/kconnect-console/proxy/main.go:167.38,170.3 2 0
github.com/mcnabb998/kconnect-console/proxy/main.go:172.2,173.16 2 1
github.com/mcnabb998/kconnect-console/proxy/main.go:173.16,177.3 3 0
github.com/mcnabb998/kconnect-console/proxy/main.go:179.2,181.15 3 1
github.com/mcnabb998/kconnect-console/proxy/main.go:184.102,186.16 2 1
github.com/mcnabb998/kconnect-console/proxy/main.go:186.16,188.3 1 0
github.com/mcnabb998/kconnect-console/proxy/main.go:190.2,191.16 2 1
github.com/mcnabb998/kconnect-console/proxy/main.go:191.16,193.3 1 1
github.com/mcnabb998/kconnect-console/proxy/main.go:194.2,196.38 2 1
github.com/mcnabb998/kconnect-console/proxy/main.go:196.38,198.3 1 1
github.com/mcnabb998/kconnect-console/proxy/main.go:200.2,201.66 2 1
github.com/mcnabb998/kconnect-console/proxy/main.go:201.66,203.3 1 1
github.com/mcnabb998/kconnect-console/proxy/main.go:205.2,205.19 1 1
github.com/mcnabb998/kconnect-console/proxy/main.go:208.124,211.16 3 1
github.com/mcnabb998/kconnect-console/proxy/main.go:211.16,213.3 1 0
github.com/mcnabb998/kconnect-console/proxy/main.go:215.2,216.16 2 1
github.com/mcnabb998/kconnect-console/proxy/main.go:216.16,218.3 1 1
github.com/mcnabb998/kconnect-console/proxy/main.go:219.2,221.38 2 1
github.com/mcnabb998/kconnect-console/proxy/main.go:221.38,223.3 1 1
github.com/mcnabb998/kconnect-console/proxy/main.go:225.2,226.67 2 1
github.com/mcnabb998/kconnect-console/proxy/main.go:226.67,228.3 1 1
github.com/mcnabb998/kconnect-console/proxy/main.go:230.2,230.20 1 1
github.com/mcnabb998/kconnect-console/proxy/main.go:233.116,235.16 2 1
github.com/mcnabb998/kconnect-console/proxy/main.go:235.16,237.3 1 0
github.com/mcnabb998/kconnect-console/proxy/main.go:239.2,240.16 2 1
github.com/mcnabb998/kconnect-console/proxy/main.go:240.16,242.3 1 0
github.com/mcnabb998/kconnect-console/proxy/main.go:243.2,245.38 2 1
github.com/mcnabb998/kconnect-console/proxy/main.go:245.38,247.3 1 1
github.com/mcnabb998/kconnect-console/proxy/main.go:249.2,250.68 2 1
github.com/mcnabb998/kconnect-console/proxy/main.go:250.68,252.3 1 1
github.com/mcnabb998/kconnect-console/proxy/main.go:254.2,255.53 2 1
github.com/mcnabb998/kconnect-console/proxy/main.go:255.53,257.3 1 1
github.com/mcnabb998/kconnect-console/proxy/main.go:259.2,259.26 1 0
github.com/mcnabb998/kconnect-console/proxy/main.go:262.70,263.31 1 1
github.com/mcnabb998/kconnect-console/proxy/main.go:263.31,264.28 1 1
github.com/mcnabb998/kconnect-console/proxy/main.go:265.31,266.49 1 1
github.com/mcnabb998/kconnect-console/proxy/main.go:266.49,268.5 1 1
github.com/mcnabb998/kconnect-console/proxy/main.go:269.22,270.27 1 1
github.com/mcnabb998/kconnect-console/proxy/main.go:270.27,271.56 1 1
github.com/mcnabb998/kconnect-console/proxy/main.go:271.56,272.56 1 1
github.com/mcnabb998/kconnect-console/proxy/main.go:272.56,274.7 1 1
github.com/mcnabb998/kconnect-console/proxy/main.go:277.11,278.43 1 1
github.com/mcnabb998/kconnect-console/proxy/main.go:278.43,280.19 2 1
github.com/mcnabb998/kconnect-console/proxy/main.go:280.19,282.6 1 1
github.com/mcnabb998/kconnect-console/proxy/main.go:284.4,284.40 1 1
github.com/mcnabb998/kconnect-console/proxy/main.go:284.40,286.19 2 1
github.com/mcnabb998/kconnect-console/proxy/main.go:286.19,288.6 1 1
github.com/mcnabb998/kconnect-console/proxy/main.go:292.2,292.17 1 0
github.com/mcnabb998/kconnect-console/proxy/main.go:295.67,296.31 1 1
github.com/mcnabb998/kconnect-console/proxy/main.go:296.31,297.28 1 1
github.com/mcnabb998/kconnect-console/proxy/main.go:298.31,299.41 1 1
github.com/mcnabb998/kconnect-console/proxy/main.go:299.41,301.5 1 1
github.com/mcnabb998/kconnect-console/proxy/main.go:302.22,303.27 1 1
github.com/mcnabb998/kconnect-console/proxy/main.go:303.27,304.56 1 1
github.com/mcnabb998/kconnect-console/proxy/main.go:304.56,305.48 1 1
github.com/mcnabb998/kconnect-console/proxy/main.go:305.48,307.7 1 1
github.com/mcnabb998/kconnect-console/proxy/main.go:310.15,313.69 3 1
github.com/mcnabb998/kconnect-console/proxy/main.go:313.69,315.22 2 1
github.com/mcnabb998/kconnect-console/proxy/main.go:315.22,317.6 1 1
github.com/mcnabb998/kconnect-console/proxy/main.go:321.2,321.18 1 1
github.com/mcnabb998/kconnect-console/proxy/main.go:324.58,325.27 1 1
github.com/mcnabb998/kconnect-console/proxy/main.go:326.15,327.23 1 1
github.com/mcnabb998/kconnect-console/proxy/main.go:328.13,329.16 1 1
github.com/mcnabb998/kconnect-console/proxy/main.go:330.19,332.17 2 1
github.com/mcnabb998/kconnect-console/proxy/main.go:332.17,334.4 1 0
github.com/mcnabb998/kconnect-console/proxy/main.go:335.3,335.16 1 1
github.com/mcnabb998/kconnect-console/proxy/main.go:336.14,339.10 3 1
github.com/mcnabb998/kconnect-console/proxy/main.go:340.39,341.52 1 1
github.com/mcnabb998/kconnect-console/proxy/main.go:342.38,344.18 2 1
github.com/mcnabb998/kconnect-console/proxy/main.go:344.18,346.5 1 0
github.com/mcnabb998/kconnect-console/proxy/main.go:347.4,347.30 1 1
github.com/mcnabb998/kconnect-console/proxy/main.go:348.11,349.22 1 1
github.com/mcnabb998/kconnect-console/proxy/main.go:351.10,352.61 1 1
github.com/mcnabb998/kconnect-console/proxy/main.go:356.53,357.27 1 1
github.com/mcnabb998/kconnect-console/proxy/main.go:358.15,359.23 1 1
github.com/mcnabb998/kconnect-console/proxy/main.go:360.13,361.16 1 1
github.com/mcnabb998/kconnect-console/proxy/main.go:362.19,364.17 2 1
github.com/mcnabb998/kconnect-console/proxy/main.go:364.17,366.4 1 0
github.com/mcnabb998/kconnect-console/proxy/main.go:367.3,367.16 1 1
github.com/mcnabb998/kconnect-console/proxy/main.go:368.14,371.10 3 1
github.com/mcnabb998/kconnect-console/proxy/main.go:372.39,374.18 2 1
github.com/mcnabb998/kconnect-console/proxy/main.go:374.18,376.5 1 0
github.com/mcnabb998/kconnect-console/proxy/main.go:377.4,377.25 1 1
github.com/mcnabb998/kconnect-console/proxy/main.go:378.38,379.52 1 1
github.com/mcnabb998/kconnect-console/proxy/main.go:380.11,381.22 1 1
github.com/mcnabb998/kconnect-console/proxy/main.go:383.10,384.61 1 1
github.com/mcnabb998/kconnect-console/proxy/main.go:388.44,389.17 1 1
github.com/mcnabb998/kconnect-console/proxy/main.go:389.17,391.3 1 1
github.com/mcnabb998/kconnect-console/proxy/main.go:392.2,392.40 1 1
github.com/mcnabb998/kconnect-console/proxy/main.go:395.43,396.12 1 1
github.com/mcnabb998/kconnect-console/proxy/main.go:396.12,398.3 1 1
github.com/mcnabb998/kconnect-console/proxy/main.go:400.2,415.26 5 1
github.com/mcnabb998/kconnect-console/proxy/main.go:415.26,416.29 1 1
github.com/mcnabb998/kconnect-console/proxy/main.go:416.29,417.12 1 1
github.com/mcnabb998/kconnect-console/proxy/main.go:419.3,420.16 2 1
github.com/mcnabb998/kconnect-console/proxy/main.go:420.16,423.4 2 1
github.com/mcnabb998/kconnect-console/proxy/main.go:426.2,426.21 1 1
github.com/mcnabb998/kconnect-console/proxy/main.go:426.21,428.3 1 1
github.com/mcnabb998/kconnect-console/proxy/main.go:430.2,430.20 1 1
github.com/mcnabb998/kconnect-console/proxy/main.go:430.20,432.3 1 1
github.com/mcnabb998/kconnect-console/proxy/main.go:434.2,434.33 1 1
github.com/mcnabb998/kconnect-console/proxy/main.go:437.114,439.16 2 1
github.com/mcnabb998/kconnect-console/proxy/main.go:439.16,441.3 1 1
github.com/mcnabb998/kconnect-console/proxy/main.go:443.2,450.29 7 1
github.com/mcnabb998/kconnect-console/proxy/main.go:450.29,452.17 2 1
github.com/mcnabb998/kconnect-console/proxy/main.go:452.17,454.4 1 1
github.com/mcnabb998/kconnect-console/proxy/main.go:456.3,466.37 6 1
github.com/mcnabb998/kconnect-console/proxy/main.go:466.37,469.30 3 1
github.com/mcnabb998/kconnect-console/proxy/main.go:469.30,471.5 1 1
github.com/mcnabb998/kconnect-console/proxy/main.go:472.4,472.29 1 1
github.com/mcnabb998/kconnect-console/proxy/main.go:472.29,474.5 1 1
github.com/mcnabb998/kconnect-console/proxy/main.go:477.3,477.10 1 1
github.com/mcnabb998/kconnect-console/proxy/main.go:478.40,479.24 1 1
github.com/mcnabb998/kconnect-console/proxy/main.go:480.22,481.22 1 0
github.com/mcnabb998/kconnect-console/proxy/main.go:482.11,483.17 1 1
github.com/mcnabb998/kconnect-console/proxy/main.go:484.18,485.23 1 0
github.com/mcnabb998/kconnect-console/proxy/main.go:486.19,487.24 1 1
github.com/mcnabb998/kconnect-console/proxy/main.go:488.12,489.25 1 1
github.com/mcnabb998/kconnect-console/proxy/main.go:494.2,505.16 5 1
github.com/mcnabb998/kconnect-console/proxy/main.go:505.16,507.27 2 1
github.com/mcnabb998/kconnect-console/proxy/main.go:507.27,509.4 1 0
github.com/mcnabb998/kconnect-console/proxy/main.go:510.3,510.65 1 1
github.com/mcnabb998/kconnect-console/proxy/main.go:511.8,514.3 2 1
github.com/mcnabb998/kconnect-console/proxy/main.go:516.2,527.21 2 1
github.com/mcnabb998/kconnect-console/proxy/main.go:530.75,535.82 3 1
github.com/mcnabb998/kconnect-console/proxy/main.go:535.82,539.3 3 1
github.com/mcnabb998/kconnect-console/proxy/main.go:542.2,542.37 1 1
github.com/mcnabb998/kconnect-console/proxy/main.go:542.37,545.35 1 0
github.com/mcnabb998/kconnect-console/proxy/main.go:545.35,549.4 3 0
github.com/mcnabb998/kconnect-console/proxy/main.go:551.3,553.35 3 0
github.com/mcnabb998/kconnect-console/proxy/main.go:557.2,566.16 6 1
github.com/mcnabb998/kconnect-console/proxy/main.go:566.16,570.3 3 1
github.com/mcnabb998/kconnect-console/proxy/main.go:573.2,575.16 2 1
github.com/mcnabb998/kconnect-console/proxy/main.go:575.16,577.3 1 1
github.com/mcnabb998/kconnect-console/proxy/main.go:579.2,579.21 1 1
github.com/mcnabb998/kconnect-console/proxy/main.go:582.36,588.2 5 1
github.com/mcnabb998/kconnect-console/proxy/main.go:590.46,591.42 1 1
github.com/mcnabb998/kconnect-console/proxy/main.go:591.42,593.3 1 1
github.com/mcnabb998/kconnect-console/proxy/main.go:594.2,594.21 1 1
github.com/mcnabb998/kconnect-console/proxy/main.go:598.56,599.26 1 1
github.com/mcnabb998/kconnect-console/proxy/main.go:600.30,602.29 2 1
github.com/mcnabb998/kconnect-console/proxy/main.go:602.29,604.38 2 1
github.com/mcnabb998/kconnect-console/proxy/main.go:604.38,606.13 2 1
github.com/mcnabb998/kconnect-console/proxy/main.go:608.4,608.40 1 1
github.com/mcnabb998/kconnect-console/proxy/main.go:608.40,610.5 1 1
github.com/mcnabb998/kconnect-console/proxy/main.go:610.10,612.5 1 1
github.com/mcnabb998/kconnect-console/proxy/main.go:614.3,614.16 1 1
github.com/mcnabb998/kconnect-console/proxy/main.go:615.21,617.26 2 1
github.com/mcnabb998/kconnect-console/proxy/main.go:617.26,619.4 1 1
github.com/mcnabb998/kconnect-console/proxy/main.go:620.3,620.16 1 1
github.com/mcnabb998/kconnect-console/proxy/main.go:621.10,622.11 1 1
github.com/mcnabb998/kconnect-console/proxy/main.go:626.40,627.31 1 1
github.com/mcnabb998/kconnect-console/proxy/main.go:627.31,628.81 1 1
github.com/mcnabb998/kconnect-console/proxy/main.go:628.81,629.12 1 1
github.com/mcnabb998/kconnect-console/proxy/main.go:631.3,632.32 2 1
github.com/mcnabb998/kconnect-console/proxy/main.go:632.32,634.4 1 1
github.com/mcnabb998/kconnect-console/proxy/main.go:638.78,642.16 3 1
github.com/mcnabb998/kconnect-console/proxy/main.go:642.16,644.3 1 1
github.com/mcnabb998/kconnect-console/proxy/main.go:646.2,647.56 2 1
github.com/mcnabb998/kconnect-console/proxy/main.go:647.56,650.17 3 1
github.com/mcnabb998/kconnect-console/proxy/main.go:650.17,652.4 1 0
github.com/mcnabb998/kconnect-console/proxy/main.go:653.3,653.22 1 1
github.com/mcnabb998/kconnect-console/proxy/main.go:656.2,656.39 1 1
github.com/mcnabb998/kconnect-console/proxy/main.go:656.39,657.47 1 1
github.com/mcnabb998/kconnect-console/proxy/main.go:657.47,658.12 1 1
github.com/mcnabb998/kconnect-console/proxy/main.go:660.3,660.32 1 1
github.com/mcnabb998/kconnect-console/proxy/main.go:660.32,662.4 1 1
github.com/mcnabb998/kconnect-console/proxy/main.go:665.2,666.41 2 1
github.com/mcnabb998/kconnect-console/proxy/main.go:666.41,668.3 1 0
github.com/mcnabb998/kconnect-console/proxy/main.go:669.2,669.12 1 1
github.com/mcnabb998/kconnect-console/proxy/main.go:673.55,676.16 2 1
github.com/mcnabb998/kconnect-console/proxy/main.go:676.16,678.3 1 1
github.com/mcnabb998/kconnect-console/proxy/main.go:682.2,686.47 4 1
github.com/mcnabb998/kconnect-console/proxy/main.go:686.47,689.3 1 1
github.com/mcnabb998/kconnect-console/proxy/main.go:689.8,692.3 1 0
github.com/mcnabb998/kconnect-console/proxy/main.go:695.2,701.21 4 1
github.com/mcnabb998/kconnect-console/proxy/main.go:705.59,708.16 2 1
github.com/mcnabb998/kconnect-console/proxy/main.go:708.16,712.3 3 1
github.com/mcnabb998/kconnect-console/proxy/main.go:714.2,718.16 3 1
github.com/mcnabb998/kconnect-console/proxy/main.go:718.16,722.3 3 0
github.com/mcnabb998/kconnect-console/proxy/main.go:725.2,730.16 4 1
github.com/mcnabb998/kconnect-console/proxy/main.go:730.16,734.3 3 1
github.com/mcnabb998/kconnect-console/proxy/main.go:735.2,735.55 1 1
github.com/mcnabb998/kconnect-console/proxy/main.go:735.55,737.3 1 0
github.com/mcnabb998/kconnect-console/proxy/main.go:740.67,745.33 4 1
github.com/mcnabb998/kconnect-console/proxy/main.go:746.32,747.64 1 1
github.com/mcnabb998/kconnect-console/proxy/main.go:748.19,749.56 1 1
github.com/mcnabb998/kconnect-console/proxy/main.go:750.10,752.9 2 1
github.com/mcnabb998/kconnect-console/proxy/main.go:755.2,756.16 2 1
github.com/mcnabb998/kconnect-console/proxy/main.go:756.16,760.3 3 1
github.com/mcnabb998/kconnect-console/proxy/main.go:762.2,763.16 2 1
github.com/mcnabb998/kconnect-console/proxy/main.go:763.16,767.3 3 0
github.com/mcnabb998/kconnect-console/proxy/main.go:769.2,770.62 2 1
github.com/mcnabb998/kconnect-console/proxy/main.go:770.62,772.3 1 1
github.com/mcnabb998/kconnect-console/proxy/main.go:774.2,775.16 2 1
github.com/mcnabb998/kconnect-console/proxy/main.go:775.16,779.3 3 1
github.com/mcnabb998/kconnect-console/proxy/main.go:781.2,781.55 1 1
github.com/mcnabb998/kconnect-console/proxy/main.go:781.55,783.3 1 0
github.com/mcnabb998/kconnect-console/proxy/main.go:787.60,794.16 4 1
github.com/mcnabb998/kconnect-console/proxy/main.go:794.16,797.3 2 0
github.com/mcnabb998/kconnect-console/proxy/main.go:799.2,800.16 2 1
github.com/mcnabb998/kconnect-console/proxy/main.go:800.16,803.3 2 1
github.com/mcnabb998/kconnect-console/proxy/main.go:804.2,806.38 2 1
github.com/mcnabb998/kconnect-console/proxy/main.go:806.38,809.3 2 0
github.com/mcnabb998/kconnect-console/proxy/main.go:812.2,820.17 3 1
github.com/mcnabb998/kconnect-console/proxy/main.go:820.17,822.3 1 0
github.com/mcnabb998/kconnect-console/proxy/main.go:826.72,838.16 4 1
github.com/mcnabb998/kconnect-console/proxy/main.go:838.16,840.3 1 1
github.com/mcnabb998/kconnect-console/proxy/main.go:842.2,842.71 1 1
github.com/mcnabb998/kconnect-console/proxy/main.go:842.71,844.3 1 0
github.com/mcnabb998/kconnect-console/proxy/main.go:847.71,852.16 4 1
github.com/mcnabb998/kconnect-console/proxy/main.go:852.16,860.27 4 1
github.com/mcnabb998/kconnect-console/proxy/main.go:860.27,863.4 2 1
github.com/mcnabb998/kconnect-console/proxy/main.go:865.3,867.60 3 1
github.com/mcnabb998/kconnect-console/proxy/main.go:867.60,869.4 1 0
github.com/mcnabb998/kconnect-console/proxy/main.go:870.3,870.9 1 1
github.com/mcnabb998/kconnect-console/proxy/main.go:873.2,873.29 1 1
github.com/mcnabb998/kconnect-console/proxy/main.go:873.29,875.3 1 1
github.com/mcnabb998/kconnect-console/proxy/main.go:876.2,876.55 1 1
github.com/mcnabb998/kconnect-console/proxy/main.go:876.55,878.3 1 0
github.com/mcnabb998/kconnect-console/proxy/main.go:880.2,882.59 3 1
github.com/mcnabb998/kconnect-console/proxy/main.go:882.59,884.3 1 0
github.com/mcnabb998/kconnect-console/proxy/main.go:888.61,909.12 5 1
github.com/mcnabb998/kconnect-console/proxy/main.go:909.12,912.17 3 1
github.com/mcnabb998/kconnect-console/proxy/main.go:912.17,914.47 2 1
github.com/mcnabb998/kconnect-console/proxy/main.go:914.47,916.19 2 1
github.com/mcnabb998/kconnect-console/proxy/main.go:916.19,918.63 2 1
github.com/mcnabb998/kconnect-console/proxy/main.go:918.63,920.7 1 1
github.com/mcnabb998/kconnect-console/proxy/main.go:927.2,927.12 1 1
github.com/mcnabb998/kconnect-console/proxy/main.go:927.12,930.17 3 1
github.com/mcnabb998/kconnect-console/proxy/main.go:930.17,932.68 2 1
github.com/mcnabb998/kconnect-console/proxy/main.go:932.68,934.5 1 1
github.com/mcnabb998/kconnect-console/proxy/main.go:939.2,939.12 1 1
github.com/mcnabb998/kconnect-console/proxy/main.go:939.12,942.17 3 1
github.com/mcnabb998/kconnect-console/proxy/main.go:942.17,944.84 2 1
github.com/mcnabb998/kconnect-console/proxy/main.go:944.84,946.5 1 1
github.com/mcnabb998/kconnect-console/proxy/main.go:951.2,955.16 3 1
github.com/mcnabb998/kconnect-console/proxy/main.go:955.16,957.69 2 1
github.com/mcnabb998/kconnect-console/proxy/main.go:957.69,968.37 5 1
github.com/mcnabb998/kconnect-console/proxy/main.go:968.37,970.5 1 1
github.com/mcnabb998/kconnect-console/proxy/main.go:972.4,973.36 2 1
github.com/mcnabb998/kconnect-console/proxy/main.go:973.36,975.5 1 1
github.com/mcnabb998/kconnect-console/proxy/main.go:976.4,982.37 4 1
github.com/mcnabb998/kconnect-console/proxy/main.go:982.37,983.15 1 1
github.com/mcnabb998/kconnect-console/proxy/main.go:983.15,985.47 2 1
github.com/mcnabb998/kconnect-console/proxy/main.go:985.47,987.21 2 1
github.com/mcnabb998/kconnect-console/proxy/main.go:987.21,989.66 2 1
github.com/mcnabb998/kconnect-console/proxy/main.go:989.66,990.78 1 1
github.com/mcnabb998/kconnect-console/proxy/main.go:990.78,991.58 1 1
github.com/mcnabb998/kconnect-console/proxy/main.go:991.58,993.11 1 1
github.com/mcnabb998/kconnect-console/proxy/main.go:1002.4,1002.14 1 1
github.com/mcnabb998/kconnect-console/proxy/main.go:1002.14,1005.5 2 1
github.com/mcnabb998/kconnect-console/proxy/main.go:1008.4,1008.30 1 1
github.com/mcnabb998/kconnect-console/proxy/main.go:1008.30,1009.24 1 1
github.com/mcnabb998/kconnect-console/proxy/main.go:1010.20,1011.38 1 1
github.com/mcnabb998/kconnect-console/proxy/main.go:1012.19,1013.37 1 0
github.com/mcnabb998/kconnect-console/proxy/main.go:1014.19,1015.37 1 0
github.com/mcnabb998/kconnect-console/proxy/main.go:1021.2,1023.59 3 1
github.com/mcnabb998/kconnect-console/proxy/main.go:1023.59,1025.3 1 0
github.com/mcnabb998/kconnect-console/proxy/main.go:1028.13,1055.51 17 0
github.com/mcnabb998/kconnect-console/proxy/main.go:1055.51,1059.37 3 0
github.com/mcnabb998/kconnect-console/proxy/main.go:1059.37,1061.21 2 0
github.com/mcnabb998/kconnect-console/proxy/main.go:1061.21,1063.5 1 0
github.com/mcnabb998/kconnect-console/proxy/main.go:1066.3,1066.24 1 0
github.com/mcnabb998/kconnect-console/proxy/main.go:1066.24,1068.4 1 0
github.com/mcnabb998/kconnect-console/proxy/main.go:1071.2,1083.51 6 0
